[2020-10-22 22:27:18] local.ERROR: Command "preset" is not defined. {"exception":"[object] (Symfony\\Component\\Console\\Exception\\CommandNotFoundException(code: 0): Command \"preset\" is not defined. at /Users/jonathanadhitama/projects/southern/vendor/symfony/console/Application.php:651)
[stacktrace]
#0 /Users/jonathanadhitama/projects/southern/vendor/symfony/console/Application.php(230): Symfony\\Component\\Console\\Application->find('preset')
#1 /Users/jonathanadhitama/projects/southern/vendor/symfony/console/Application.php(142): Symfony\\Component\\Console\\Application->doRun(Object(Symfony\\Component\\Console\\Input\\ArgvInput), Object(Symfony\\Component\\Console\\Output\\ConsoleOutput))
#2 /Users/jonathanadhitama/projects/southern/vendor/laravel/framework/src/Illuminate/Console/Application.php(93): Symfony\\Component\\Console\\Application->run(Object(Symfony\\Component\\Console\\Input\\ArgvInput), Object(Symfony\\Component\\Console\\Output\\ConsoleOutput))
#3 /Users/jonathanadhitama/projects/southern/vendor/laravel/framework/src/Illuminate/Foundation/Console/Kernel.php(129): Illuminate\\Console\\Application->run(Object(Symfony\\Component\\Console\\Input\\ArgvInput), Object(Symfony\\Component\\Console\\Output\\ConsoleOutput))
#4 /Users/jonathanadhitama/projects/southern/artisan(37): Illuminate\\Foundation\\Console\\Kernel->handle(Object(Symfony\\Component\\Console\\Input\\ArgvInput), Object(Symfony\\Component\\Console\\Output\\ConsoleOutput))
#5 {main}
"} 
[2020-10-22 23:36:16] local.INFO: Successful API Call of SWAPI all films API  
[2020-10-22 23:36:16] local.INFO: Successfully filtered Return of Jedi from all films  
[2020-10-22 23:36:16] local.INFO: Attempt to get character detail of http://swapi.dev/api/people/1/  
[2020-10-22 23:36:18] local.INFO: Successful in getting character detail of http://swapi.dev/api/people/1/  
[2020-10-22 23:36:18] local.INFO: Inserting into output array Luke Skywalker  
[2020-10-22 23:36:18] local.INFO: Attempt to get character detail of http://swapi.dev/api/people/2/  
[2020-10-22 23:36:20] local.INFO: Successful in getting character detail of http://swapi.dev/api/people/2/  
[2020-10-22 23:36:20] local.INFO: Inserting into output array C-3PO  
[2020-10-22 23:36:20] local.INFO: Attempt to get character detail of http://swapi.dev/api/people/3/  
[2020-10-22 23:36:22] local.INFO: Successful in getting character detail of http://swapi.dev/api/people/3/  
[2020-10-22 23:36:22] local.INFO: Inserting into output array R2-D2  
[2020-10-22 23:36:22] local.INFO: Attempt to get character detail of http://swapi.dev/api/people/4/  
[2020-10-22 23:36:24] local.INFO: Successful in getting character detail of http://swapi.dev/api/people/4/  
[2020-10-22 23:36:24] local.INFO: Inserting into output array Darth Vader  
[2020-10-22 23:36:24] local.INFO: Attempt to get character detail of http://swapi.dev/api/people/5/  
[2020-10-22 23:36:26] local.INFO: Successful in getting character detail of http://swapi.dev/api/people/5/  
[2020-10-22 23:36:26] local.INFO: Inserting into output array Leia Organa  
[2020-10-22 23:36:26] local.INFO: Attempt to get character detail of http://swapi.dev/api/people/10/  
[2020-10-22 23:36:28] local.INFO: Successful in getting character detail of http://swapi.dev/api/people/10/  
[2020-10-22 23:36:28] local.INFO: Inserting into output array Obi-Wan Kenobi  
[2020-10-22 23:36:28] local.INFO: Attempt to get character detail of http://swapi.dev/api/people/13/  
[2020-10-22 23:36:30] local.INFO: Successful in getting character detail of http://swapi.dev/api/people/13/  
[2020-10-22 23:36:30] local.INFO: Inserting into output array Chewbacca  
[2020-10-22 23:36:30] local.INFO: Attempt to get character detail of http://swapi.dev/api/people/14/  
[2020-10-22 23:36:32] local.INFO: Successful in getting character detail of http://swapi.dev/api/people/14/  
[2020-10-22 23:36:32] local.INFO: Inserting into output array Han Solo  
[2020-10-22 23:36:32] local.INFO: Attempt to get character detail of http://swapi.dev/api/people/16/  
[2020-10-22 23:36:34] local.INFO: Successful in getting character detail of http://swapi.dev/api/people/16/  
[2020-10-22 23:36:34] local.INFO: Inserting into output array Jabba Desilijic Tiure  
[2020-10-22 23:36:34] local.INFO: Attempt to get character detail of http://swapi.dev/api/people/18/  
[2020-10-22 23:36:35] local.INFO: Successful in getting character detail of http://swapi.dev/api/people/18/  
[2020-10-22 23:36:35] local.INFO: Inserting into output array Wedge Antilles  
[2020-10-22 23:36:35] local.INFO: Attempt to get character detail of http://swapi.dev/api/people/20/  
[2020-10-22 23:36:37] local.INFO: Successful in getting character detail of http://swapi.dev/api/people/20/  
[2020-10-22 23:36:37] local.INFO: Inserting into output array Yoda  
[2020-10-22 23:36:37] local.INFO: Attempt to get character detail of http://swapi.dev/api/people/21/  
[2020-10-22 23:36:39] local.INFO: Successful in getting character detail of http://swapi.dev/api/people/21/  
[2020-10-22 23:36:39] local.INFO: Inserting into output array Palpatine  
[2020-10-22 23:36:39] local.INFO: Attempt to get character detail of http://swapi.dev/api/people/22/  
[2020-10-22 23:36:41] local.INFO: Successful in getting character detail of http://swapi.dev/api/people/22/  
[2020-10-22 23:36:41] local.INFO: Inserting into output array Boba Fett  
[2020-10-22 23:36:41] local.INFO: Attempt to get character detail of http://swapi.dev/api/people/25/  
[2020-10-22 23:36:43] local.INFO: Successful in getting character detail of http://swapi.dev/api/people/25/  
[2020-10-22 23:36:43] local.INFO: Inserting into output array Lando Calrissian  
[2020-10-22 23:36:43] local.INFO: Attempt to get character detail of http://swapi.dev/api/people/27/  
[2020-10-22 23:36:45] local.INFO: Successful in getting character detail of http://swapi.dev/api/people/27/  
[2020-10-22 23:36:45] local.INFO: Inserting into output array Ackbar  
[2020-10-22 23:36:45] local.INFO: Attempt to get character detail of http://swapi.dev/api/people/28/  
[2020-10-22 23:36:47] local.INFO: Successful in getting character detail of http://swapi.dev/api/people/28/  
[2020-10-22 23:36:47] local.INFO: Inserting into output array Mon Mothma  
[2020-10-22 23:36:47] local.INFO: Attempt to get character detail of http://swapi.dev/api/people/29/  
[2020-10-22 23:36:49] local.INFO: Successful in getting character detail of http://swapi.dev/api/people/29/  
[2020-10-22 23:36:49] local.INFO: Inserting into output array Arvel Crynyd  
[2020-10-22 23:36:49] local.INFO: Attempt to get character detail of http://swapi.dev/api/people/30/  
[2020-10-22 23:36:51] local.INFO: Successful in getting character detail of http://swapi.dev/api/people/30/  
[2020-10-22 23:36:51] local.INFO: Inserting into output array Wicket Systri Warrick  
[2020-10-22 23:36:51] local.INFO: Attempt to get character detail of http://swapi.dev/api/people/31/  
[2020-10-22 23:36:53] local.INFO: Successful in getting character detail of http://swapi.dev/api/people/31/  
[2020-10-22 23:36:53] local.INFO: Inserting into output array Nien Nunb  
[2020-10-22 23:36:53] local.INFO: Attempt to get character detail of http://swapi.dev/api/people/45/  
[2020-10-22 23:36:55] local.INFO: Successful in getting character detail of http://swapi.dev/api/people/45/  
[2020-10-22 23:36:55] local.INFO: Inserting into output array Bib Fortuna  
[2020-10-23 00:11:47] testing.INFO: Successful API Call of SWAPI all films API  
[2020-10-23 00:12:29] testing.INFO: Successful API Call of SWAPI all films API  
[2020-10-23 00:16:58] testing.INFO: Successful API Call of SWAPI all films API  
[2020-10-23 00:16:59] testing.INFO: Successful API Call of SWAPI all films API  
[2020-10-23 00:16:59] testing.INFO: Successfully filtered Return of Jedi from all films  
[2020-10-23 00:24:20] testing.INFO: Successful API Call of SWAPI all films API  
[2020-10-23 00:24:20] testing.INFO: Successful API Call of SWAPI all films API  
[2020-10-23 00:24:20] testing.INFO: Successfully filtered Return of Jedi from all films  
[2020-10-23 00:24:20] testing.INFO: Successful API Call of SWAPI all films API  
[2020-10-23 00:24:20] testing.INFO: Successfully filtered Return of Jedi from all films  
[2020-10-23 00:24:20] testing.INFO: Attempt to get character detail of http://swapi.dev/api/people/1/  
[2020-10-23 00:24:20] testing.INFO: Successful in getting character detail of http://swapi.dev/api/people/1/  
[2020-10-23 00:24:20] testing.INFO: Inserting into output array Luke Skywalker  
[2020-10-23 00:24:20] testing.INFO: Attempt to get character detail of http://swapi.dev/api/people/2/  
[2020-10-23 00:24:20] testing.INFO: Successful in getting character detail of http://swapi.dev/api/people/2/  
[2020-10-23 00:24:20] testing.INFO: Inserting into output array C-3PO  
[2020-10-23 00:25:25] testing.INFO: Successful API Call of SWAPI all films API  
[2020-10-23 00:25:25] testing.INFO: Successful API Call of SWAPI all films API  
[2020-10-23 00:25:25] testing.INFO: Successfully filtered Return of Jedi from all films  
[2020-10-23 00:25:25] testing.INFO: Successful API Call of SWAPI all films API  
[2020-10-23 00:25:25] testing.INFO: Successfully filtered Return of Jedi from all films  
[2020-10-23 00:25:25] testing.INFO: Attempt to get character detail of http://swapi.dev/api/people/1/  
[2020-10-23 00:25:25] testing.INFO: Successful in getting character detail of http://swapi.dev/api/people/1/  
[2020-10-23 00:25:25] testing.INFO: Inserting into output array Luke Skywalker  
[2020-10-23 00:25:25] testing.INFO: Attempt to get character detail of http://swapi.dev/api/people/2/  
[2020-10-23 00:25:25] testing.INFO: Successful in getting character detail of http://swapi.dev/api/people/2/  
[2020-10-23 00:25:25] testing.INFO: Inserting into output array C-3PO  
[2020-10-23 00:25:25] testing.INFO: Successful API Call of SWAPI all films API  
[2020-10-23 00:25:25] testing.INFO: Successful API Call of SWAPI all films API  
[2020-10-23 00:25:25] testing.INFO: Successfully filtered Return of Jedi from all films  
[2020-10-23 00:25:25] testing.INFO: Successful API Call of SWAPI all films API  
[2020-10-23 00:25:25] testing.INFO: Successfully filtered Return of Jedi from all films  
[2020-10-23 00:25:25] testing.INFO: Attempt to get character detail of http://swapi.dev/api/people/1/  
[2020-10-23 00:25:25] testing.INFO: Successful in getting character detail of http://swapi.dev/api/people/1/  
[2020-10-23 00:25:25] testing.INFO: Inserting into output array Luke Skywalker  
[2020-10-23 00:25:25] testing.INFO: Attempt to get character detail of http://swapi.dev/api/people/2/  
[2020-10-23 00:25:25] testing.INFO: Successful in getting character detail of http://swapi.dev/api/people/2/  
[2020-10-23 00:25:25] testing.INFO: Inserting into output array C-3PO  
[2020-10-23 00:25:44] testing.INFO: Successful API Call of SWAPI all films API  
[2020-10-23 00:25:44] testing.INFO: Successful API Call of SWAPI all films API  
[2020-10-23 00:25:44] testing.INFO: Successfully filtered Return of Jedi from all films  
[2020-10-23 00:25:44] testing.INFO: Successful API Call of SWAPI all films API  
[2020-10-23 00:25:44] testing.INFO: Successfully filtered Return of Jedi from all films  
[2020-10-23 00:25:44] testing.INFO: Attempt to get character detail of http://swapi.dev/api/people/1/  
[2020-10-23 00:25:44] testing.INFO: Successful in getting character detail of http://swapi.dev/api/people/1/  
[2020-10-23 00:25:44] testing.INFO: Inserting into output array Luke Skywalker  
[2020-10-23 00:25:44] testing.INFO: Attempt to get character detail of http://swapi.dev/api/people/2/  
[2020-10-23 00:25:44] testing.INFO: Successful in getting character detail of http://swapi.dev/api/people/2/  
[2020-10-23 00:25:44] testing.INFO: Inserting into output array C-3PO  
[2020-10-23 01:49:30] testing.INFO: Successful API Call of SWAPI all films API  
[2020-10-23 01:49:30] testing.INFO: Successful API Call of SWAPI all films API  
[2020-10-23 01:49:30] testing.INFO: Successfully filtered Return of Jedi from all films  
[2020-10-23 01:49:30] testing.INFO: Successful API Call of SWAPI all films API  
[2020-10-23 01:49:30] testing.INFO: Successfully filtered Return of Jedi from all films  
[2020-10-23 01:49:30] testing.INFO: Attempt to get character detail of http://swapi.dev/api/people/1/  
[2020-10-23 01:49:30] testing.INFO: Successful in getting character detail of http://swapi.dev/api/people/1/  
[2020-10-23 01:49:30] testing.INFO: Inserting into output array Luke Skywalker  
[2020-10-23 01:49:30] testing.INFO: Attempt to get character detail of http://swapi.dev/api/people/2/  
[2020-10-23 01:49:30] testing.INFO: Successful in getting character detail of http://swapi.dev/api/people/2/  
[2020-10-23 01:49:30] testing.INFO: Inserting into output array C-3PO  
[2020-10-23 01:49:30] testing.INFO: Next is NULL  
[2020-10-23 01:49:30] testing.INFO: Added 0 species to main output array  
[2020-10-23 01:49:30] testing.INFO: No more species to retrieve, breaking off main loop.  
[2020-10-23 01:49:30] testing.INFO: Next is NULL  
[2020-10-23 01:49:30] testing.INFO: Successful attempt to get planet detail of http://swapi.dev/api/planets/9/  
[2020-10-23 01:49:30] testing.INFO: Added 1 species to main output array  
[2020-10-23 01:49:30] testing.INFO: No more species to retrieve, breaking off main loop.  
[2020-10-23 01:49:30] testing.INFO: Next is NULL  
[2020-10-23 01:49:30] testing.INFO: Successful attempt to get planet detail of http://swapi.dev/api/planets/9/  
[2020-10-23 01:49:30] testing.INFO: Added 1 species to main output array  
[2020-10-23 01:49:30] testing.INFO: No more species to retrieve, breaking off main loop.  
[2020-10-23 01:49:35] local.INFO: Next is http://swapi.dev/api/species/?page=2  
[2020-10-23 01:49:36] local.INFO: Successful attempt to get planet detail of http://swapi.dev/api/planets/9/  
[2020-10-23 01:49:38] local.INFO: Successful attempt to get planet detail of http://swapi.dev/api/planets/14/  
[2020-10-23 01:49:40] local.INFO: Successful attempt to get planet detail of http://swapi.dev/api/planets/28/  
[2020-10-23 01:49:42] local.INFO: Successful attempt to get planet detail of http://swapi.dev/api/planets/7/  
[2020-10-23 01:49:44] local.INFO: Successful attempt to get planet detail of http://swapi.dev/api/planets/33/  
[2020-10-23 01:49:44] local.INFO: Added 5 species to main output array  
[2020-10-23 01:49:46] local.INFO: Next is http://swapi.dev/api/species/?page=3  
[2020-10-23 01:49:48] local.INFO: Successful attempt to get planet detail of http://swapi.dev/api/planets/34/  
[2020-10-23 01:49:50] local.INFO: Successful attempt to get planet detail of http://swapi.dev/api/planets/35/  
[2020-10-23 01:49:52] local.INFO: Successful attempt to get planet detail of http://swapi.dev/api/planets/43/  
[2020-10-23 01:49:52] local.INFO: Added 3 species to main output array  
[2020-10-23 01:49:54] local.INFO: Next is http://swapi.dev/api/species/?page=4  
[2020-10-23 01:49:56] local.INFO: Successful attempt to get planet detail of http://swapi.dev/api/planets/45/  
[2020-10-23 01:49:58] local.INFO: Successful attempt to get planet detail of http://swapi.dev/api/planets/46/  
[2020-10-23 01:50:00] local.INFO: Successful attempt to get planet detail of http://swapi.dev/api/planets/48/  
[2020-10-23 01:50:02] local.INFO: Successful attempt to get planet detail of http://swapi.dev/api/planets/51/  
[2020-10-23 01:50:02] local.INFO: Added 4 species to main output array  
[2020-10-23 01:50:04] local.INFO: Next is NULL  
[2020-10-23 01:50:06] local.INFO: Successful attempt to get planet detail of http://swapi.dev/api/planets/56/  
[2020-10-23 01:50:08] local.INFO: Successful attempt to get planet detail of http://swapi.dev/api/planets/57/  
[2020-10-23 01:50:10] local.INFO: Successful attempt to get planet detail of http://swapi.dev/api/planets/58/  
[2020-10-23 01:50:12] local.INFO: Successful attempt to get planet detail of http://swapi.dev/api/planets/12/  
[2020-10-23 01:50:12] local.INFO: Added 4 species to main output array  
[2020-10-23 01:50:12] local.INFO: No more species to retrieve, breaking off main loop.  
